This is pdfTeX, Version 3.14159265-2.6-1.40.19 (MiKTeX 2.9.6840 64-bit) (preloaded format=pdflatex 2018.10.8)  18 OCT 2018 18:01
entering extended mode
**./tese.tex
(tese.tex
LaTeX2e <2018-04-01> patch level 5
(D:/localtexmf\tex\latex\coppe\coppe.cls
Document Class: coppe 2011/02/08\ v2.2\ COPPE Dissertations and Thesis
("D:\Program Files\MiKTeX 2.9\tex\latex\base\book.cls"
Document Class: book 2014/09/29 v1.4h Standard LaTeX document class
("D:\Program Files\MiKTeX 2.9\tex\latex\base\bk12.clo"
File: bk12.clo 2014/09/29 v1.4h Standard LaTeX file (size option)
)
\c@part=\count80
\c@chapter=\count81
\c@section=\count82
\c@subsection=\count83
\c@subsubsection=\count84
\c@paragraph=\count85
\c@subparagraph=\count86
\c@figure=\count87
\c@table=\count88
\abovecaptionskip=\skip41
\belowcaptionskip=\skip42
\bibindent=\dimen102
)
(C:\Users\Cyfer\AppData\Roaming\MiKTeX\2.9\tex\latex\natbib\natbib.sty
Package: natbib 2010/09/13 8.31b (PWD, AO)
\bibhang=\skip43
\bibsep=\skip44
LaTeX Info: Redefining \cite on input line 694.
\c@NAT@ctr=\count89
)
(C:\Users\Cyfer\AppData\Roaming\MiKTeX\2.9\tex\latex\hyphenat\hyphenat.sty
Package: hyphenat 2009/09/02 v2.3c hyphenation utilities
\langwohyphens=\language76
LaTeX Info: Redefining \_ on input line 43.
)
(C:\Users\Cyfer\AppData\Roaming\MiKTeX\2.9\tex\latex\lastpage\lastpage.sty
Package: lastpage 2015/03/29 v1.2m Refers to last page's name (HMM; JPG)
)
("D:\Program Files\MiKTeX 2.9\tex\generic\babel\babel.sty"
Package: babel 2018/09/26 3.24 The Babel package

("D:\Program Files\MiKTeX 2.9\tex\generic\babel\switch.def"
File: switch.def 2018/09/26 3.24 Babel switching mechanism
)
*************************************
* Local config file bblopts.cfg used
*
(C:\Users\Cyfer\AppData\Roaming\MiKTeX\2.9\tex\latex\arabi\bblopts.cfg
File: bblopts.cfg 2005/09/08 v0.1 add Arabic and Farsi to "declared" options of
 babel
)
("D:\Program Files\MiKTeX 2.9\tex\latex\babel-english\english.ldf"
Language: english 2017/06/06 v3.3r English support from the babel system

("D:\Program Files\MiKTeX 2.9\tex\generic\babel\babel.def"
File: babel.def 2018/09/26 3.24 Babel common definitions
\babel@savecnt=\count90
\U@D=\dimen103

("D:\Program Files\MiKTeX 2.9\tex\generic\babel\txtbabel.def")
\bbl@dirlevel=\count91
)
\l@canadian = a dialect from \language\l@american 
\l@australian = a dialect from \language\l@british 
\l@newzealand = a dialect from \language\l@british 
)
(C:\Users\Cyfer\AppData\Roaming\MiKTeX\2.9\tex\latex\babel-portuges\portuges.ld
f
Language: portuges 2008/03/18 v1.2q Portuguese support from the babel system
\l@brazil = a dialect from \language\l@portuges 
Package babel Info: Making " an active character on input line 145.
)) ("D:\Program Files\MiKTeX 2.9\tex\latex\base\ifthen.sty"
Package: ifthen 2014/09/29 v1.1c Standard LaTeX ifthen package (DPC)
)
("D:\Program Files\MiKTeX 2.9\tex\latex\graphics\graphicx.sty"
Package: graphicx 2017/06/01 v1.1a Enhanced LaTeX Graphics (DPC,SPQR)

("D:\Program Files\MiKTeX 2.9\tex\latex\graphics\keyval.sty"
Package: keyval 2014/10/28 v1.15 key=value parser (DPC)
\KV@toks@=\toks14
)
("D:\Program Files\MiKTeX 2.9\tex\latex\graphics\graphics.sty"
Package: graphics 2017/06/25 v1.2c Standard LaTeX Graphics (DPC,SPQR)

("D:\Program Files\MiKTeX 2.9\tex\latex\graphics\trig.sty"
Package: trig 2016/01/03 v1.10 sin cos tan (DPC)
)
("D:\Program Files\MiKTeX 2.9\tex\latex\graphics-cfg\graphics.cfg"
File: graphics.cfg 2016/06/04 v1.11 sample graphics configuration
)
Package graphics Info: Driver file: pdftex.def on input line 99.

("D:\Program Files\MiKTeX 2.9\tex\latex\graphics-def\pdftex.def"
File: pdftex.def 2018/01/08 v1.0l Graphics/color driver for pdftex
))
\Gin@req@height=\dimen104
\Gin@req@width=\dimen105
)
(C:\Users\Cyfer\AppData\Roaming\MiKTeX\2.9\tex\latex\setspace\setspace.sty
Package: setspace 2011/12/19 v6.7a set line spacing
)
("D:\Program Files\MiKTeX 2.9\tex\latex\tools\tabularx.sty"
Package: tabularx 2016/02/03 v2.11b `tabularx' package (DPC)

("D:\Program Files\MiKTeX 2.9\tex\latex\tools\array.sty"
Package: array 2018/04/30 v2.4h Tabular extension package (FMi)
\col@sep=\dimen106
\ar@mcellbox=\box26
\extrarowheight=\dimen107
\NC@list=\toks15
\extratabsurround=\skip45
\backup@length=\skip46
\ar@cellbox=\box27
)
\TX@col@width=\dimen108
\TX@old@table=\dimen109
\TX@old@col=\dimen110
\TX@target=\dimen111
\TX@delta=\dimen112
\TX@cols=\count92
\TX@ftn=\toks16
)
(C:\Users\Cyfer\AppData\Roaming\MiKTeX\2.9\tex\latex\eqparbox\eqparbox.sty
Package: eqparbox 2017/09/03 v4.1 Create equal-widthed boxes
\eqp@tempdima=\skip47
\eqp@tempdimb=\skip48
\eqp@tabular@box=\box28
\eqp@list@box=\box29
\eqp@list@indent=\skip49

(C:\Users\Cyfer\AppData\Roaming\MiKTeX\2.9\tex\latex\environ\environ.sty
Package: environ 2014/05/04 v0.3 A new way to define environments

(C:\Users\Cyfer\AppData\Roaming\MiKTeX\2.9\tex\latex\trimspaces\trimspaces.sty
Package: trimspaces 2009/09/17 v1.1 Trim spaces around a token list
)
\@envbody=\toks17
)) ("D:\Program Files\MiKTeX 2.9\tex\generic\oberdiek\ltxcmds.sty"
Package: ltxcmds 2016/05/16 v1.23 LaTeX kernel commands for general use (HO)
)
("D:\Program Files\MiKTeX 2.9\tex\latex\geometry\geometry.sty"
Package: geometry 2018/04/16 v5.8 Page Geometry

("D:\Program Files\MiKTeX 2.9\tex\generic\oberdiek\ifpdf.sty"
Package: ifpdf 2018/09/07 v3.3 Provides the ifpdf switch
)
("D:\Program Files\MiKTeX 2.9\tex\generic\oberdiek\ifvtex.sty"
Package: ifvtex 2016/05/16 v1.6 Detect VTeX and its facilities (HO)
Package ifvtex Info: VTeX not detected.
)
("D:\Program Files\MiKTeX 2.9\tex\generic\ifxetex\ifxetex.sty"
Package: ifxetex 2010/09/12 v0.6 Provides ifxetex conditional
)
\Gm@cnth=\count93
\Gm@cntv=\count94
\c@Gm@tempcnt=\count95
\Gm@bindingoffset=\dimen113
\Gm@wd@mp=\dimen114
\Gm@odd@mp=\dimen115
\Gm@even@mp=\dimen116
\Gm@layoutwidth=\dimen117
\Gm@layoutheight=\dimen118
\Gm@layouthoffset=\dimen119
\Gm@layoutvoffset=\dimen120
\Gm@dimlist=\toks18

("D:\Program Files\MiKTeX 2.9\tex\latex\geometry\geometry.cfg"))
\@advisor=\count96
\@examiner=\count97
\c@keywords=\count98
\bibindent=\dimen121
)
("D:\Program Files\MiKTeX 2.9\tex\latex\amsmath\amsmath.sty"
Package: amsmath 2017/09/02 v2.17a AMS math features
\@mathmargin=\skip50

For additional information on amsmath, use the `?' option.
("D:\Program Files\MiKTeX 2.9\tex\latex\amsmath\amstext.sty"
Package: amstext 2000/06/29 v2.01 AMS text

("D:\Program Files\MiKTeX 2.9\tex\latex\amsmath\amsgen.sty"
File: amsgen.sty 1999/11/30 v2.0 generic functions
\@emptytoks=\toks19
\ex@=\dimen122
))
("D:\Program Files\MiKTeX 2.9\tex\latex\amsmath\amsbsy.sty"
Package: amsbsy 1999/11/29 v1.2d Bold Symbols
\pmbraise@=\dimen123
)
("D:\Program Files\MiKTeX 2.9\tex\latex\amsmath\amsopn.sty"
Package: amsopn 2016/03/08 v2.02 operator names
)
\inf@bad=\count99
LaTeX Info: Redefining \frac on input line 213.
\uproot@=\count100
\leftroot@=\count101
LaTeX Info: Redefining \overline on input line 375.
\classnum@=\count102
\DOTSCASE@=\count103
LaTeX Info: Redefining \ldots on input line 472.
LaTeX Info: Redefining \dots on input line 475.
LaTeX Info: Redefining \cdots on input line 596.
\Mathstrutbox@=\box30
\strutbox@=\box31
\big@size=\dimen124
LaTeX Font Info:    Redeclaring font encoding OML on input line 712.
LaTeX Font Info:    Redeclaring font encoding OMS on input line 713.
\macc@depth=\count104
\c@MaxMatrixCols=\count105
\dotsspace@=\muskip10
\c@parentequation=\count106
\dspbrk@lvl=\count107
\tag@help=\toks20
\row@=\count108
\column@=\count109
\maxfields@=\count110
\andhelp@=\toks21
\eqnshift@=\dimen125
\alignsep@=\dimen126
\tagshift@=\dimen127
\tagwidth@=\dimen128
\totwidth@=\dimen129
\lineht@=\dimen130
\@envbody=\toks22
\multlinegap=\skip51
\multlinetaggap=\skip52
\mathdisplay@stack=\toks23
LaTeX Info: Redefining \[ on input line 2817.
LaTeX Info: Redefining \] on input line 2818.
)
("D:\Program Files\MiKTeX 2.9\tex\latex\amsfonts\amssymb.sty"
Package: amssymb 2013/01/14 v3.01 AMS font symbols

("D:\Program Files\MiKTeX 2.9\tex\latex\amsfonts\amsfonts.sty"
Package: amsfonts 2013/01/14 v3.01 Basic AMSFonts support
\symAMSa=\mathgroup4
\symAMSb=\mathgroup5
LaTeX Font Info:    Overwriting math alphabet `\mathfrak' in version `bold'
(Font)                  U/euf/m/n --> U/euf/b/n on input line 106.
))
("D:\Program Files\MiKTeX 2.9\tex\latex\hyperref\hyperref.sty"
Package: hyperref 2018/09/30 v6.88a Hypertext links for LaTeX

("D:\Program Files\MiKTeX 2.9\tex\generic\oberdiek\hobsub-hyperref.sty"
Package: hobsub-hyperref 2016/05/16 v1.14 Bundle oberdiek, subset hyperref (HO)


("D:\Program Files\MiKTeX 2.9\tex\generic\oberdiek\hobsub-generic.sty"
Package: hobsub-generic 2016/05/16 v1.14 Bundle oberdiek, subset generic (HO)
Package: hobsub 2016/05/16 v1.14 Construct package bundles (HO)
Package: infwarerr 2016/05/16 v1.4 Providing info/warning/error messages (HO)
Package hobsub Info: Skipping package `ltxcmds' (already loaded).
Package: ifluatex 2016/05/16 v1.4 Provides the ifluatex switch (HO)
Package ifluatex Info: LuaTeX not detected.
Package hobsub Info: Skipping package `ifvtex' (already loaded).
Package: intcalc 2016/05/16 v1.2 Expandable calculations with integers (HO)
Package hobsub Info: Skipping package `ifpdf' (already loaded).
Package: etexcmds 2016/05/16 v1.6 Avoid name clashes with e-TeX commands (HO)
Package etexcmds Info: Could not find \expanded.
(etexcmds)             That can mean that you are not using pdfTeX 1.50 or
(etexcmds)             that some package has redefined \expanded.
(etexcmds)             In the latter case, load this package earlier.
Package: kvsetkeys 2016/05/16 v1.17 Key value parser (HO)
Package: kvdefinekeys 2016/05/16 v1.4 Define keys (HO)
Package: pdftexcmds 2018/09/10 v0.29 Utility functions of pdfTeX for LuaTeX (HO
)
Package pdftexcmds Info: LuaTeX not detected.
Package pdftexcmds Info: \pdf@primitive is available.
Package pdftexcmds Info: \pdf@ifprimitive is available.
Package pdftexcmds Info: \pdfdraftmode found.
Package: pdfescape 2016/05/16 v1.14 Implements pdfTeX's escape features (HO)
Package: bigintcalc 2016/05/16 v1.4 Expandable calculations on big integers (HO
)
Package: bitset 2016/05/16 v1.2 Handle bit-vector datatype (HO)
Package: uniquecounter 2016/05/16 v1.3 Provide unlimited unique counter (HO)
)
Package hobsub Info: Skipping package `hobsub' (already loaded).
Package: letltxmacro 2016/05/16 v1.5 Let assignment for LaTeX macros (HO)
Package: hopatch 2016/05/16 v1.3 Wrapper for package hooks (HO)
Package: xcolor-patch 2016/05/16 xcolor patch
Package: atveryend 2016/05/16 v1.9 Hooks at the very end of document (HO)
Package atveryend Info: \enddocument detected (standard20110627).
Package: atbegshi 2016/06/09 v1.18 At begin shipout hook (HO)
Package: refcount 2016/05/16 v3.5 Data extraction from label references (HO)
Package: hycolor 2016/05/16 v1.8 Color options for hyperref/bookmark (HO)
)
("D:\Program Files\MiKTeX 2.9\tex\latex\oberdiek\auxhook.sty"
Package: auxhook 2016/05/16 v1.4 Hooks for auxiliary files (HO)
)
("D:\Program Files\MiKTeX 2.9\tex\latex\oberdiek\kvoptions.sty"
Package: kvoptions 2016/05/16 v3.12 Key value format for package options (HO)
)
\@linkdim=\dimen131
\Hy@linkcounter=\count111
\Hy@pagecounter=\count112

("D:\Program Files\MiKTeX 2.9\tex\latex\hyperref\pd1enc.def"
File: pd1enc.def 2018/09/30 v6.88a Hyperref: PDFDocEncoding definition (HO)
Now handling font encoding PD1 ...
... no UTF-8 mapping file for font encoding PD1
)
\Hy@SavedSpaceFactor=\count113

("D:\Program Files\MiKTeX 2.9\tex\latex\00miktex\hyperref.cfg"
File: hyperref.cfg 2002/06/06 v1.2 hyperref configuration of TeXLive
)
Package hyperref Info: Hyper figures OFF on input line 4535.
Package hyperref Info: Link nesting OFF on input line 4540.
Package hyperref Info: Hyper index ON on input line 4543.
Package hyperref Info: Plain pages OFF on input line 4550.
Package hyperref Info: Backreferencing OFF on input line 4555.
Package hyperref Info: Implicit mode ON; LaTeX internals redefined.
Package hyperref Info: Bookmarks ON on input line 4788.
\c@Hy@tempcnt=\count114

(C:\Users\Cyfer\AppData\Roaming\MiKTeX\2.9\tex\latex\url\url.sty
\Urlmuskip=\muskip11
Package: url 2013/09/16  ver 3.4  Verb mode for urls, etc.
)
LaTeX Info: Redefining \url on input line 5141.
\XeTeXLinkMargin=\dimen132
\Fld@menulength=\count115
\Field@Width=\dimen133
\Fld@charsize=\dimen134
Package hyperref Info: Hyper figures OFF on input line 6396.
Package hyperref Info: Link nesting OFF on input line 6401.
Package hyperref Info: Hyper index ON on input line 6404.
Package hyperref Info: backreferencing OFF on input line 6411.
Package hyperref Info: Link coloring OFF on input line 6416.
Package hyperref Info: Link coloring with OCG OFF on input line 6421.
Package hyperref Info: PDF/A mode OFF on input line 6426.
LaTeX Info: Redefining \ref on input line 6466.
LaTeX Info: Redefining \pageref on input line 6470.
\Hy@abspage=\count116
\c@Item=\count117
\c@Hfootnote=\count118
)
Package hyperref Info: Driver (autodetected): hpdftex.

("D:\Program Files\MiKTeX 2.9\tex\latex\hyperref\hpdftex.def"
File: hpdftex.def 2018/09/30 v6.88a Hyperref driver for pdfTeX
\Fld@listcount=\count119
\c@bookmark@seq@number=\count120

("D:\Program Files\MiKTeX 2.9\tex\latex\oberdiek\rerunfilecheck.sty"
Package: rerunfilecheck 2016/05/16 v1.8 Rerun checks for auxiliary files (HO)
Package uniquecounter Info: New unique counter `rerunfilecheck' on input line 2
82.
)
\Hy@SectionHShift=\skip53
)
("D:\Program Files\MiKTeX 2.9\tex\latex\base\inputenc.sty"
Package: inputenc 2018/04/06 v1.3b Input encoding file
\inpenc@prehook=\toks24
\inpenc@posthook=\toks25
)
("D:\Program Files\MiKTeX 2.9\tex\latex\float\float.sty"
Package: float 2001/11/08 v1.3d Float enhancements (AL)
\c@float@type=\count121
\float@exts=\toks26
\float@box=\box32
\@float@everytoks=\toks27
\@floatcapt=\box33
)
("D:\Program Files\MiKTeX 2.9\tex\latex\graphics\color.sty"
Package: color 2016/07/10 v1.1e Standard LaTeX Color (DPC)

("D:\Program Files\MiKTeX 2.9\tex\latex\graphics-cfg\color.cfg"
File: color.cfg 2016/01/02 v1.6 sample color configuration
)
Package color Info: Driver file: pdftex.def on input line 147.
)
("D:\Program Files\MiKTeX 2.9\tex\latex\makecell\makecell.sty"
Package: makecell 2009/08/03 V0.1e Managing of Tab Column Heads and Cells
\rotheadsize=\dimen135
\c@nlinenum=\count122
\TeXr@lab=\toks28
)
("D:\Program Files\MiKTeX 2.9\tex\latex\caption\subcaption.sty"
Package: subcaption 2018/05/01 v1.1-162 Sub-captions (AR)

("D:\Program Files\MiKTeX 2.9\tex\latex\caption\caption.sty"
Package: caption 2018/10/06 v3.3-154 Customizing captions (AR)

("D:\Program Files\MiKTeX 2.9\tex\latex\caption\caption3.sty"
Package: caption3 2018/09/12 v1.8c caption3 kernel (AR)
Package caption3 Info: TeX engine: e-TeX on input line 64.
\captionmargin=\dimen136
\captionmargin@=\dimen137
\captionwidth=\dimen138
\caption@tempdima=\dimen139
\caption@indent=\dimen140
\caption@parindent=\dimen141
\caption@hangindent=\dimen142
)
\c@caption@flags=\count123
\c@ContinuedFloat=\count124
Package caption Info: float package is loaded.
Package caption Info: hyperref package is loaded.
)
\c@subfigure=\count125
\c@subtable=\count126
)
\@losfile=\write3
\openout3 = `tese.syx'.


Writing index of symbols file tese.syx
\@labfile=\write4
\openout4 = `tese.abx'.

Writing index of abbreviations file tese.abx
(tese.aux (introduction.aux) (methods.aux))
\openout1 = `tese.aux'.

LaTeX Font Info:    Checking defaults for OML/cmm/m/it on input line 48.
LaTeX Font Info:    ... okay on input line 48.
LaTeX Font Info:    Checking defaults for T1/cmr/m/n on input line 48.
LaTeX Font Info:    ... okay on input line 48.
LaTeX Font Info:    Checking defaults for OT1/cmr/m/n on input line 48.
LaTeX Font Info:    ... okay on input line 48.
LaTeX Font Info:    Checking defaults for OMS/cmsy/m/n on input line 48.
LaTeX Font Info:    ... okay on input line 48.
LaTeX Font Info:    Checking defaults for OMX/cmex/m/n on input line 48.
LaTeX Font Info:    ... okay on input line 48.
LaTeX Font Info:    Checking defaults for U/cmr/m/n on input line 48.
LaTeX Font Info:    ... okay on input line 48.
LaTeX Font Info:    Checking defaults for PD1/pdf/m/n on input line 48.
LaTeX Font Info:    ... okay on input line 48.
Package lastpage Info: Please have a look at the pageslts package at
(lastpage)             https://www.ctan.org/pkg/pageslts
(lastpage)             ! on input line 48.

(C:\Users\Cyfer\AppData\Roaming\MiKTeX\2.9\tex\context\base\supp-pdf.mkii
[Loading MPS to PDF converter (version 2006.09.02).]
\scratchcounter=\count127
\scratchdimen=\dimen143
\scratchbox=\box34
\nofMPsegments=\count128
\nofMParguments=\count129
\everyMPshowfont=\toks29
\MPscratchCnt=\count130
\MPscratchDim=\dimen144
\MPnumerator=\count131
\makeMPintoPDFobject=\count132
\everyMPtoPDFconversion=\toks30
) ("D:\Program Files\MiKTeX 2.9\tex\latex\oberdiek\epstopdf-base.sty"
Package: epstopdf-base 2016/05/15 v2.6 Base part for package epstopdf

("D:\Program Files\MiKTeX 2.9\tex\latex\oberdiek\grfext.sty"
Package: grfext 2016/05/16 v1.2 Manage graphics extensions (HO)
)
Package epstopdf-base Info: Redefining graphics rule for `.eps' on input line 4
38.
Package grfext Info: Graphics extension search list:
(grfext)             [.pdf,.png,.jpg,.mps,.jpeg,.jbig2,.jb2,.PDF,.PNG,.JPG,.JPE
G,.JBIG2,.JB2,.eps]
(grfext)             \AppendGraphicsExtensions on input line 456.
)
*geometry* driver: auto-detecting
*geometry* detected driver: pdftex
*geometry* verbose mode - [ preamble ] result:
* driver: pdftex
* paper: a4paper
* layout: <same size as paper>
* layoutoffset:(h,v)=(0.0pt,0.0pt)
* vratio: 1:1
* modes: 
* h-part:(L,W,R)=(85.35826pt, 426.79135pt, 85.35826pt)
* v-part:(T,H,B)=(71.13188pt, 702.78308pt, 71.13188pt)
* \paperwidth=597.50787pt
* \paperheight=845.04684pt
* \textwidth=426.79135pt
* \textheight=702.78308pt
* \oddsidemargin=13.08827pt
* \evensidemargin=13.08827pt
* \topmargin=-33.0119pt
* \headheight=12.0pt
* \headsep=19.8738pt
* \topskip=12.0pt
* \footskip=30.0pt
* \marginparwidth=38.0pt
* \marginparsep=7.0pt
* \columnsep=10.0pt
* \skip\footins=10.8pt plus 4.0pt minus 2.0pt
* \hoffset=0.0pt
* \voffset=0.0pt
* \mag=1000
* \@twocolumnfalse
* \@twosidefalse
* \@mparswitchfalse
* \@reversemarginfalse
* (1in=72.27pt=25.4mm, 1cm=28.453pt)

\AtBeginShipoutBox=\box35
Package hyperref Info: Link coloring OFF on input line 48.
("D:\Program Files\MiKTeX 2.9\tex\latex\hyperref\nameref.sty"
Package: nameref 2016/05/21 v2.44 Cross-referencing by name of section

("D:\Program Files\MiKTeX 2.9\tex\generic\oberdiek\gettitlestring.sty"
Package: gettitlestring 2016/05/16 v1.5 Cleanup title references (HO)
)
\c@section@level=\count133
)
LaTeX Info: Redefining \ref on input line 48.
LaTeX Info: Redefining \pageref on input line 48.
LaTeX Info: Redefining \nameref on input line 48.

(tese.out) (tese.out)
\@outlinefile=\write5
\openout5 = `tese.out'.

Package caption Info: Begin \AtBeginDocument code.
Package caption Info: End \AtBeginDocument code.
Package hyperref Info: Option `breaklinks' set `true' on input line 70.
Package hyperref Info: Option `raiselinks' set `true' on input line 70.
Package hyperref Info: Option `pageanchor' set `true' on input line 70.
<coppe-logo.pdf, id=135, 177.463pt x 76.285pt>
File: coppe-logo.pdf Graphic file (type pdf)
<use coppe-logo.pdf>
Package pdftex.def Info: coppe-logo.pdf  used on input line 70.
(pdftex.def)             Requested size: 177.46255pt x 76.2848pt.

Underfull \hbox (badness 6792) in paragraph at lines 70--70
\OT1/cmr/m/n/12 como parte dos requisitos necessarios a
 []

LaTeX Font Info:    Try loading font information for U+msa on input line 70.
("D:\Program Files\MiKTeX 2.9\tex\latex\amsfonts\umsa.fd"
File: umsa.fd 2013/01/14 v3.01 AMS symbols A
)
LaTeX Font Info:    Try loading font information for U+msb on input line 70.

("D:\Program Files\MiKTeX 2.9\tex\latex\amsfonts\umsb.fd"
File: umsb.fd 2013/01/14 v3.01 AMS symbols B
) [1


{C:/Users/Cyfer/AppData/Local/MiKTeX/2.9/pdftex/config/pdftex.map} <D:/localtex
mf/tex/latex/coppe/coppe-logo.pdf>] [2

]
Underfull \hbox (badness 7030) in paragraph at lines 72--72
[]\OT1/cmr/m/n/12 Tese (doutorado) -- UFRJ/COPPE/Programa de
 []

[3

] [4

] [5

] [6

] [7

] (tese.toc [8

])
\tf@toc=\write6
\openout6 = `tese.toc'.

 [9] (tese.lof)
\tf@lof=\write7
\openout7 = `tese.lof'.

 [10

] (tese.lot)
\tf@lot=\write8
\openout8 = `tese.lot'.


No file tese.los.
No file tese.lab.
[11

]
\openout2 = `introduction.aux'.

 (introduction.tex
Chapter 1.
[1



] [2]
<images/sup_learning_schematic.pdf, id=284, 220.6945pt x 140.10342pt>
File: images/sup_learning_schematic.pdf Graphic file (type pdf)
<use images/sup_learning_schematic.pdf>
Package pdftex.def Info: images/sup_learning_schematic.pdf  used on input line 
41.
(pdftex.def)             Requested size: 213.39568pt x 135.47258pt.
 [3 <./images/sup_learning_schematic.pdf>] (brain_neuron.pdf_tex
<images/brain_neuron.pdf, id=309, page=1, 300.99025pt x 161.83963pt>
File: images/brain_neuron.pdf Graphic file (type pdf)
<use images/brain_neuron.pdf, page 1>
Package pdftex.def Info: images/brain_neuron.pdf , page1 used on input line 56.

(pdftex.def)             Requested size: 256.07741pt x 137.69768pt.
)
(images/brain_neuron_mod.pdf_tex
<images/brain_neuron_mod.pdf, id=313, page=1, 300.99025pt x 161.83963pt>
File: images/brain_neuron_mod.pdf Graphic file (type pdf)
<use images/brain_neuron_mod.pdf, page 1>
Package pdftex.def Info: images/brain_neuron_mod.pdf , page1 used on input line
 56.
(pdftex.def)             Requested size: 256.07741pt x 137.69768pt.
<images/brain_neuron_mod.pdf, id=314, page=2, 300.99025pt x 161.83963pt>
File: images/brain_neuron_mod.pdf Graphic file (type pdf)
<use images/brain_neuron_mod.pdf, page 2>
Package pdftex.def Info: images/brain_neuron_mod.pdf , page2 used on input line
 63.
(pdftex.def)             Requested size: 256.07741pt x 137.69768pt.
<images/brain_neuron_mod.pdf, id=315, page=3, 300.99025pt x 161.83963pt>
File: images/brain_neuron_mod.pdf Graphic file (type pdf)
<use images/brain_neuron_mod.pdf, page 3>
Package pdftex.def Info: images/brain_neuron_mod.pdf , page3 used on input line
 65.
(pdftex.def)             Requested size: 256.07741pt x 137.69768pt.
<images/brain_neuron_mod.pdf, id=316, page=4, 300.99025pt x 161.83963pt>
File: images/brain_neuron_mod.pdf Graphic file (type pdf)
<use images/brain_neuron_mod.pdf, page 4>
Package pdftex.def Info: images/brain_neuron_mod.pdf , page4 used on input line
 67.
(pdftex.def)             Requested size: 256.07741pt x 137.69768pt.
) [4 <./images/brain_neuron.pdf>]
<images/perceptron.pdf, id=326, 224.4636pt x 143.76863pt>
File: images/perceptron.pdf Graphic file (type pdf)
<use images/perceptron.pdf>
Package pdftex.def Info: images/perceptron.pdf  used on input line 111.
(pdftex.def)             Requested size: 213.39568pt x 136.68471pt.
 [5 <./images/brain_neuron_mod.pdf> <./images/brain_neuron_mod.pdf

pdfTeX warning: pdflatex.exe (file ./images/brain_neuron_mod.pdf): PDF inclusio
n: multiple pdfs with page group included in a single page
> <./images/brain_neuron_mod.pdf

pdfTeX warning: pdflatex.exe (file ./images/brain_neuron_mod.pdf): PDF inclusio
n: multiple pdfs with page group included in a single page
> <./images/brain_neuron_mod.pdf

pdfTeX warning: pdflatex.exe (file ./images/brain_neuron_mod.pdf): PDF inclusio
n: multiple pdfs with page group included in a single page
>]) [6 <./images/perceptron.pdf>]
\openout2 = `methods.aux'.

 (methods.tex
Chapter 2.
[7



]
File: images/sup_learning_schematic.pdf Graphic file (type pdf)
<use images/sup_learning_schematic.pdf>
Package pdftex.def Info: images/sup_learning_schematic.pdf  used on input line 
22.
(pdftex.def)             Requested size: 42.68173pt x 27.09451pt.
File: images/sup_learning_schematic.pdf Graphic file (type pdf)
<use images/sup_learning_schematic.pdf>
Package pdftex.def Info: images/sup_learning_schematic.pdf  used on input line 
33.
(pdftex.def)             Requested size: 42.68173pt x 27.09451pt.


Package caption Warning: \label without proper reference on input line 40.
See the caption package documentation for explanation.


LaTeX Warning: Reference `tab:sensor_freq' on page 8 undefined on input line 38
.

[8] (images/low_level_mod_lamef_.pdf_tex
<images/low_level_mod_lamef_.pdf, id=397, page=1, 307.69786pt x 199.01248pt>
File: images/low_level_mod_lamef_.pdf Graphic file (type pdf)
<use images/low_level_mod_lamef_.pdf, page 1>
Package pdftex.def Info: images/low_level_mod_lamef_.pdf , page1 used on input 
line 56.
(pdftex.def)             Requested size: 298.75264pt x 193.23013pt.
)

LaTeX Warning: Reference `sec:objective' on page 9 undefined on input line 68.


Package caption Warning: \label without proper reference on input line 72.
See the caption package documentation for explanation.


LaTeX Warning: Reference `tab:streaming_data' on page 9 undefined on input line
 70.

File: images/sup_learning_schematic.pdf Graphic file (type pdf)
<use images/sup_learning_schematic.pdf>
Package pdftex.def Info: images/sup_learning_schematic.pdf  used on input line 
90.
(pdftex.def)             Requested size: 21.34087pt x 13.54726pt.
File: images/sup_learning_schematic.pdf Graphic file (type pdf)
<use images/sup_learning_schematic.pdf>
Package pdftex.def Info: images/sup_learning_schematic.pdf  used on input line 
95.
(pdftex.def)             Requested size: 21.34087pt x 13.54726pt.
[9 <./images/low_level_mod_lamef_.pdf>]
File: images/sup_learning_schematic.pdf Graphic file (type pdf)
<use images/sup_learning_schematic.pdf>
Package pdftex.def Info: images/sup_learning_schematic.pdf  used on input line 
118.
(pdftex.def)             Requested size: 42.68173pt x 27.09451pt.


LaTeX Warning: Reference `sec:biblographyReview' on page 10 undefined on input 
line 127.

[10]
File: images/sup_learning_schematic.pdf Graphic file (type pdf)
<use images/sup_learning_schematic.pdf>
Package pdftex.def Info: images/sup_learning_schematic.pdf  used on input line 
134.
(pdftex.def)             Requested size: 21.34087pt x 13.54726pt.
File: images/sup_learning_schematic.pdf Graphic file (type pdf)
<use images/sup_learning_schematic.pdf>
Package pdftex.def Info: images/sup_learning_schematic.pdf  used on input line 
139.
(pdftex.def)             Requested size: 21.34087pt x 13.54726pt.
File: images/sup_learning_schematic.pdf Graphic file (type pdf)
<use images/sup_learning_schematic.pdf>
Package pdftex.def Info: images/sup_learning_schematic.pdf  used on input line 
151.
(pdftex.def)             Requested size: 42.68173pt x 27.09451pt.
File: images/sup_learning_schematic.pdf Graphic file (type pdf)
<use images/sup_learning_schematic.pdf>
Package pdftex.def Info: images/sup_learning_schematic.pdf  used on input line 
160.
(pdftex.def)             Requested size: 42.68173pt x 27.09451pt.
File: images/sup_learning_schematic.pdf Graphic file (type pdf)
<use images/sup_learning_schematic.pdf>
Package pdftex.def Info: images/sup_learning_schematic.pdf  used on input line 
172.
(pdftex.def)             Requested size: 42.68173pt x 27.09451pt.
 [11]

LaTeX Warning: Reference `sec:dataDetailing' on page 12 undefined on input line
 191.

[12]
File: images/sup_learning_schematic.pdf Graphic file (type pdf)
<use images/sup_learning_schematic.pdf>
Package pdftex.def Info: images/sup_learning_schematic.pdf  used on input line 
209.
(pdftex.def)             Requested size: 42.68173pt x 27.09451pt.
 [13]
LaTeX Font Info:    Try loading font information for OMS+cmr on input line 227.

 ("D:\Program Files\MiKTeX 2.9\tex\latex\base\omscmr.fd"
File: omscmr.fd 2014/09/29 v2.5h Standard LaTeX font definitions
)
LaTeX Font Info:    Font shape `OMS/cmr/m/n' in size <12> not available
(Font)              Font shape `OMS/cmsy/m/n' tried instead on input line 227.
) [14]
(tese.bbl
Overfull \hbox (146.29912pt too wide) in paragraph at lines 11--14
[]\OT1/cmr/m/n/12 WIKIMEDIA COM-MONS.  ``Neu-ron''. https://upload.wikimedia.or
g/wikipedia/commons/b/b5/Neuron.svg,
 []


Underfull \hbox (badness 10000) in paragraph at lines 16--19
[]\OT1/cmr/m/n/12 ``The World Fact-book | Cen-tral In-tel-li-gence Agency''.
 []


Underfull \hbox (badness 10000) in paragraph at lines 16--19
\OT1/cmr/m/n/12 https://www.cia.gov/library/publications/the-world-
 []


Underfull \hbox (badness 1286) in paragraph at lines 54--58
[]\OT1/cmr/m/n/12 PHYSICAL ACOUS-TICS.  ``R15I-AST - 150 kHz In-te-gral Preamp 
AE
 []


Underfull \hbox (badness 6445) in paragraph at lines 54--58
\OT1/cmr/m/n/12 Sen-sor''. https://www.physicalacoustics.com/by-product/sensors
/R15I-
 []


Underfull \hbox (badness 7291) in paragraph at lines 61--65
\OT1/cmr/m/n/12 sor''. https://www.physicalacoustics.com/by-product/sensors/WD-
100-
 []

) 
AED: lastpage setting LastPage
[15



]
Package atveryend Info: Empty hook `BeforeClearDocument' on input line 108.
Package atveryend Info: Empty hook `AfterLastShipout' on input line 108.
 (tese.aux (introduction.aux) (methods.aux))
Package atveryend Info: Executing hook `AtVeryEndDocument' on input line 108.
Package atveryend Info: Executing hook `AtEndAfterFileList' on input line 108.
Package rerunfilecheck Info: File `tese.out' has not changed.
(rerunfilecheck)             Checksum: A027DDB09EE7186CD0E3B46C27163757;2191.


LaTeX Warning: There were undefined references.

Package atveryend Info: Empty hook `AtVeryVeryEnd' on input line 108.
 ) 
Here is how much of TeX's memory you used:
 9374 strings out of 492970
 140026 string characters out of 3135855
 261923 words of memory out of 3000000
 12954 multiletter control sequences out of 15000+200000
 13735 words of font info for 52 fonts, out of 3000000 for 9000
 1141 hyphenation exceptions out of 8191
 42i,17n,46p,837b,468s stack positions out of 5000i,500n,10000p,200000b,50000s
<D:/Program Files/MiKTeX 2.9/fonts/type1/public/amsfonts/cm/cmbx10.pfb><D:/Pr
ogram Files/MiKTeX 2.9/fonts/type1/public/amsfonts/cm/cmbx12.pfb><D:/Program Fi
les/MiKTeX 2.9/fonts/type1/public/amsfonts/cm/cmbxti10.pfb><D:/Program Files/Mi
KTeX 2.9/fonts/type1/public/amsfonts/cm/cmex10.pfb><D:/Program Files/MiKTeX 2.9
/fonts/type1/public/amsfonts/cm/cmmi10.pfb><D:/Program Files/MiKTeX 2.9/fonts/t
ype1/public/amsfonts/cm/cmmi12.pfb><D:/Program Files/MiKTeX 2.9/fonts/type1/pub
lic/amsfonts/cm/cmmi7.pfb><D:/Program Files/MiKTeX 2.9/fonts/type1/public/amsfo
nts/cm/cmmi8.pfb><D:/Program Files/MiKTeX 2.9/fonts/type1/public/amsfonts/cm/cm
r10.pfb><D:/Program Files/MiKTeX 2.9/fonts/type1/public/amsfonts/cm/cmr12.pfb><
D:/Program Files/MiKTeX 2.9/fonts/type1/public/amsfonts/cm/cmr7.pfb><D:/Program
 Files/MiKTeX 2.9/fonts/type1/public/amsfonts/cm/cmr8.pfb><D:/Program Files/MiK
TeX 2.9/fonts/type1/public/amsfonts/cm/cmsy10.pfb><D:/Program Files/MiKTeX 2.9/
fonts/type1/public/amsfonts/cm/cmti12.pfb>
Output written on tese.pdf (26 pages, 363414 bytes).
PDF statistics:
 517 PDF objects out of 1000 (max. 8388607)
 92 named destinations out of 1000 (max. 500000)
 310 words of extra memory for PDF output out of 10000 (max. 10000000)

